# JRE version: Java(TM) SE Runtime Environment (8.0_201-b09) (build 1.8.0_201-b09)
# Java VM: Java HotSpot(TM) 64-Bit Server VM (25.201-b09 mixed mode windows-amd64 compressed oops)
Heap:
 PSYoungGen      total 74240K, used 11359K [0x000000076b580000, 0x0000000778f80000, 0x00000007c0000000)
  eden space 63488K, 4% used [0x000000076b580000,0x000000076b884e90,0x000000076f380000)
  from space 10752K, 76% used [0x000000076f500000,0x000000076fd12fc0,0x000000076ff80000)
  to   space 79872K, 0% used [0x0000000774180000,0x0000000774180000,0x0000000778f80000)
 ParOldGen       total 173568K, used 100883K [0x00000006c2000000, 0x00000006cc980000, 0x000000076b580000)
  object space 173568K, 58% used [0x00000006c2000000,0x00000006c8284d10,0x00000006cc980000)
 Metaspace       used 13971K, capacity 14216K, committed 14336K, reserved 1062912K
  class space    used 1639K, capacity 1749K, committed 1792K, reserved 1048576K
GC Heap History (10 events):
Event: 3.122 GC heap before
{Heap before GC invocations=1 (full 0):
 PSYoungGen      total 75776K, used 63960K [0x000000076b580000, 0x0000000770a00000, 0x00000007c0000000)
  eden space 65024K, 98% used [0x000000076b580000,0x000000076f3f6308,0x000000076f500000)
  from space 10752K, 0% used [0x000000076ff80000,0x000000076ff80000,0x0000000770a00000)
  to   space 10752K, 0% used [0x000000076f500000,0x000000076f500000,0x000000076ff80000)
 ParOldGen       total 173568K, used 0K [0x00000006c2000000, 0x00000006cc980000, 0x000000076b580000)
  object space 173568K, 0% used [0x00000006c2000000,0x00000006c2000000,0x00000006cc980000)
 Metaspace       used 11651K, capacity 11926K, committed 12032K, reserved 1060864K
  class space    used 1394K, capacity 1524K, committed 1536K, reserved 1048576K
Event: 3.129 GC heap after
Heap after GC invocations=1 (full 0):
 PSYoungGen      total 75776K, used 10744K [0x000000076b580000, 0x0000000770a00000, 0x00000007c0000000)
  eden space 65024K, 0% used [0x000000076b580000,0x000000076b580000,0x000000076f500000)
  from space 10752K, 99% used [0x000000076f500000,0x000000076ff7e230,0x000000076ff80000)
  to   space 10752K, 0% used [0x000000076ff80000,0x000000076ff80000,0x0000000770a00000)
 ParOldGen       total 173568K, used 35940K [0x00000006c2000000, 0x00000006cc980000, 0x000000076b580000)
  object space 173568K, 20% used [0x00000006c2000000,0x00000006c43191e8,0x00000006cc980000)
 Metaspace       used 11651K, capacity 11926K, committed 12032K, reserved 1060864K
  class space    used 1394K, capacity 1524K, committed 1536K, reserved 1048576K
}
Event: 16.882 GC heap before
{Heap before GC invocations=2 (full 0):
 PSYoungGen      total 75776K, used 75768K [0x000000076b580000, 0x0000000770a00000, 0x00000007c0000000)
  eden space 65024K, 100% used [0x000000076b580000,0x000000076f500000,0x000000076f500000)
  from space 10752K, 99% used [0x000000076f500000,0x000000076ff7e230,0x000000076ff80000)
  to   space 10752K, 0% used [0x000000076ff80000,0x000000076ff80000,0x0000000770a00000)
 ParOldGen       total 173568K, used 35940K [0x00000006c2000000, 0x00000006cc980000, 0x000000076b580000)
  object space 173568K, 20% used [0x00000006c2000000,0x00000006c43191e8,0x00000006cc980000)
 Metaspace       used 13741K, capacity 13992K, committed 14336K, reserved 1062912K
  class space    used 1605K, capacity 1717K, committed 1792K, reserved 1048576K
Event: 16.896 GC heap after
Heap after GC invocations=2 (full 0):
 PSYoungGen      total 75776K, used 10744K [0x000000076b580000, 0x0000000770a00000, 0x00000007c0000000)
  eden space 65024K, 0% used [0x000000076b580000,0x000000076b580000,0x000000076f500000)
  from space 10752K, 99% used [0x000000076ff80000,0x00000007709fe250,0x0000000770a00000)
  to   space 10752K, 0% used [0x000000076f500000,0x000000076f500000,0x000000076ff80000)
 ParOldGen       total 173568K, used 91964K [0x00000006c2000000, 0x00000006cc980000, 0x000000076b580000)
  object space 173568K, 52% used [0x00000006c2000000,0x00000006c79cf2c0,0x00000006cc980000)
 Metaspace       used 13741K, capacity 13992K, committed 14336K, reserved 1062912K
  class space    used 1605K, capacity 1717K, committed 1792K, reserved 1048576K
}
Event: 57.260 GC heap before
{Heap before GC invocations=3 (full 0):
 PSYoungGen      total 75776K, used 75768K [0x000000076b580000, 0x0000000770a00000, 0x00000007c0000000)
  eden space 65024K, 100% used [0x000000076b580000,0x000000076f500000,0x000000076f500000)
  from space 10752K, 99% used [0x000000076ff80000,0x00000007709fe250,0x0000000770a00000)
  to   space 10752K, 0% used [0x000000076f500000,0x000000076f500000,0x000000076ff80000)
 ParOldGen       total 173568K, used 91964K [0x00000006c2000000, 0x00000006cc980000, 0x000000076b580000)
  object space 173568K, 52% used [0x00000006c2000000,0x00000006c79cf2c0,0x00000006cc980000)
 Metaspace       used 13766K, capacity 13992K, committed 14336K, reserved 1062912K
  class space    used 1607K, capacity 1717K, committed 1792K, reserved 1048576K
Event: 57.263 GC heap after
Heap after GC invocations=3 (full 0):
 PSYoungGen      total 75776K, used 8203K [0x000000076b580000, 0x0000000770a00000, 0x00000007c0000000)
  eden space 65024K, 0% used [0x000000076b580000,0x000000076b580000,0x000000076f500000)
  from space 10752K, 76% used [0x000000076f500000,0x000000076fd02fc0,0x000000076ff80000)
  to   space 10752K, 0% used [0x000000076ff80000,0x000000076ff80000,0x0000000770a00000)
 ParOldGen       total 173568K, used 94937K [0x00000006c2000000, 0x00000006cc980000, 0x000000076b580000)
  object space 173568K, 54% used [0x00000006c2000000,0x00000006c7cb6630,0x00000006cc980000)
 Metaspace       used 13766K, capacity 13992K, committed 14336K, reserved 1062912K
  class space    used 1607K, capacity 1717K, committed 1792K, reserved 1048576K
}
Event: 92.311 GC heap before
{Heap before GC invocations=4 (full 0):
 PSYoungGen      total 75776K, used 73227K [0x000000076b580000, 0x0000000770a00000, 0x00000007c0000000)
  eden space 65024K, 100% used [0x000000076b580000,0x000000076f500000,0x000000076f500000)
  from space 10752K, 76% used [0x000000076f500000,0x000000076fd02fc0,0x000000076ff80000)
  to   space 10752K, 0% used [0x000000076ff80000,0x000000076ff80000,0x0000000770a00000)
 ParOldGen       total 173568K, used 94937K [0x00000006c2000000, 0x00000006cc980000, 0x000000076b580000)
  object space 173568K, 54% used [0x00000006c2000000,0x00000006c7cb6630,0x00000006cc980000)
 Metaspace       used 13769K, capacity 13992K, committed 14336K, reserved 1062912K
  class space    used 1607K, capacity 1717K, committed 1792K, reserved 1048576K
Event: 92.314 GC heap after
Heap after GC invocations=4 (full 0):
 PSYoungGen      total 75776K, used 8163K [0x000000076b580000, 0x0000000770a00000, 0x00000007c0000000)
  eden space 65024K, 0% used [0x000000076b580000,0x000000076b580000,0x000000076f500000)
  from space 10752K, 75% used [0x000000076ff80000,0x0000000770778fa0,0x0000000770a00000)
  to   space 10752K, 0% used [0x000000076f500000,0x000000076f500000,0x000000076ff80000)
 ParOldGen       total 173568K, used 97910K [0x00000006c2000000, 0x00000006cc980000, 0x000000076b580000)
  object space 173568K, 56% used [0x00000006c2000000,0x00000006c7f9d9a0,0x00000006cc980000)
 Metaspace       used 13769K, capacity 13992K, committed 14336K, reserved 1062912K
  class space    used 1607K, capacity 1717K, committed 1792K, reserved 1048576K
}
Event: 137.005 GC heap before
{Heap before GC invocations=5 (full 0):
 PSYoungGen      total 75776K, used 73187K [0x000000076b580000, 0x0000000770a00000, 0x00000007c0000000)
  eden space 65024K, 100% used [0x000000076b580000,0x000000076f500000,0x000000076f500000)
  from space 10752K, 75% used [0x000000076ff80000,0x0000000770778fa0,0x0000000770a00000)
  to   space 10752K, 0% used [0x000000076f500000,0x000000076f500000,0x000000076ff80000)
 ParOldGen       total 173568K, used 97910K [0x00000006c2000000, 0x00000006cc980000, 0x000000076b580000)
  object space 173568K, 56% used [0x00000006c2000000,0x00000006c7f9d9a0,0x00000006cc980000)
 Metaspace       used 13970K, capacity 14216K, committed 14336K, reserved 1062912K
  class space    used 1639K, capacity 1749K, committed 1792K, reserved 1048576K
Event: 137.009 GC heap after
Heap after GC invocations=5 (full 0):
 PSYoungGen      total 74240K, used 8267K [0x000000076b580000, 0x0000000778f80000, 0x00000007c0000000)
  eden space 63488K, 0% used [0x000000076b580000,0x000000076b580000,0x000000076f380000)
  from space 10752K, 76% used [0x000000076f500000,0x000000076fd12fc0,0x000000076ff80000)
  to   space 79872K, 0% used [0x0000000774180000,0x0000000774180000,0x0000000778f80000)
 ParOldGen       total 173568K, used 100883K [0x00000006c2000000, 0x00000006cc980000, 0x000000076b580000)
  object space 173568K, 58% used [0x00000006c2000000,0x00000006c8284d10,0x00000006cc980000)
 Metaspace       used 13970K, capacity 14216K, committed 14336K, reserved 1062912K
  class space    used 1639K, capacity 1749K, committed 1792K, reserved 1048576K
}

